# JRE version: OpenJDK Runtime Environment Temurin-21.0.4+7 (21.0.4+7) (build 21.0.4+7-LTS)
# Java VM: OpenJDK 64-Bit Server VM Temurin-21.0.4+7 (21.0.4+7-LTS, mixed mode, emulated-client, tiered, compressed oops, compressed class ptrs, g1 gc, windows-amd64)
GC Precious Log:
 CardTable entry size: 512
 Card Set container configuration: InlinePtr #cards 5 size 8 Array Of Cards #cards 12 size 40 Howl #buckets 4 coarsen threshold 1843 Howl Bitmap #cards 512 size 80 coarsen threshold 460 Card regions per heap region 1 cards per card region 2048
 CPUs: 2 total, 2 available
 Memory: 3737M
 Large Page Support: Disabled
 NUMA Support: Disabled
 Compressed Oops: Enabled (32-bit)
 Heap Region Size: 1M
 Heap Min Capacity: 8M
 Heap Initial Capacity: 60M
 Heap Max Capacity: 936M
 Pre-touch: Disabled
 Parallel Workers: 2
 Concurrent Workers: 1
 Concurrent Refinement Workers: 2
 Periodic GC: Disabled
Heap:
 garbage-first heap   total 78848K, used 59392K [0x00000000c5800000, 0x0000000100000000)
  region size 1024K, 34 young (34816K), 6 survivors (6144K)
 Metaspace       used 81381K, committed 82176K, reserved 1179648K
  class space    used 10645K, committed 11008K, reserved 1048576K
GC Heap History (20 events):
Event: 8.772 GC heap before
{Heap before GC invocations=19 (full 0):
 garbage-first heap   total 54272K, used 46260K [0x00000000c5800000, 0x0000000100000000)
  region size 1024K, 29 young (29696K), 3 survivors (3072K)
 Metaspace       used 46344K, committed 46912K, reserved 1114112K
  class space    used 5575K, committed 5824K, reserved 1048576K
}
Event: 8.780 GC heap after
{Heap after GC invocations=20 (full 0):
 garbage-first heap   total 65536K, used 20363K [0x00000000c5800000, 0x0000000100000000)
  region size 1024K, 2 young (2048K), 2 survivors (2048K)
 Metaspace       used 46344K, committed 46912K, reserved 1114112K
  class space    used 5575K, committed 5824K, reserved 1048576K
}
Event: 9.369 GC heap before
{Heap before GC invocations=20 (full 0):
 garbage-first heap   total 65536K, used 57227K [0x00000000c5800000, 0x0000000100000000)
  region size 1024K, 38 young (38912K), 2 survivors (2048K)
 Metaspace       used 49983K, committed 50624K, reserved 1114112K
  class space    used 6083K, committed 6400K, reserved 1048576K
}
Event: 9.376 GC heap after
{Heap after GC invocations=21 (full 0):
 garbage-first heap   total 65536K, used 21145K [0x00000000c5800000, 0x0000000100000000)
  region size 1024K, 3 young (3072K), 3 survivors (3072K)
 Metaspace       used 49983K, committed 50624K, reserved 1114112K
  class space    used 6083K, committed 6400K, reserved 1048576K
}
Event: 9.991 GC heap before
{Heap before GC invocations=21 (full 0):
 garbage-first heap   total 65536K, used 56985K [0x00000000c5800000, 0x0000000100000000)
  region size 1024K, 38 young (38912K), 3 survivors (3072K)
 Metaspace       used 53225K, committed 53824K, reserved 1114112K
  class space    used 6634K, committed 6912K, reserved 1048576K
}
Event: 9.998 GC heap after
{Heap after GC invocations=22 (full 0):
 garbage-first heap   total 65536K, used 21677K [0x00000000c5800000, 0x0000000100000000)
  region size 1024K, 3 young (3072K), 3 survivors (3072K)
 Metaspace       used 53225K, committed 53824K, reserved 1114112K
  class space    used 6634K, committed 6912K, reserved 1048576K
}
Event: 10.506 GC heap before
{Heap before GC invocations=22 (full 0):
 garbage-first heap   total 65536K, used 56493K [0x00000000c5800000, 0x0000000100000000)
  region size 1024K, 38 young (38912K), 3 survivors (3072K)
 Metaspace       used 56649K, committed 57280K, reserved 1114112K
  class space    used 7123K, committed 7424K, reserved 1048576K
}
Event: 10.515 GC heap after
{Heap after GC invocations=23 (full 0):
 garbage-first heap   total 65536K, used 22401K [0x00000000c5800000, 0x0000000100000000)
  region size 1024K, 3 young (3072K), 3 survivors (3072K)
 Metaspace       used 56649K, committed 57280K, reserved 1114112K
  class space    used 7123K, committed 7424K, reserved 1048576K
}
Event: 10.977 GC heap before
{Heap before GC invocations=23 (full 0):
 garbage-first heap   total 65536K, used 50049K [0x00000000c5800000, 0x0000000100000000)
  region size 1024K, 31 young (31744K), 3 survivors (3072K)
 Metaspace       used 59489K, committed 60096K, reserved 1114112K
  class space    used 7457K, committed 7744K, reserved 1048576K
}
Event: 10.987 GC heap after
{Heap after GC invocations=24 (full 0):
 garbage-first heap   total 78848K, used 22832K [0x00000000c5800000, 0x0000000100000000)
  region size 1024K, 3 young (3072K), 3 survivors (3072K)
 Metaspace       used 59489K, committed 60096K, reserved 1114112K
  class space    used 7457K, committed 7744K, reserved 1048576K
}
Event: 11.837 GC heap before
{Heap before GC invocations=25 (full 0):
 garbage-first heap   total 78848K, used 65840K [0x00000000c5800000, 0x0000000100000000)
  region size 1024K, 46 young (47104K), 3 survivors (3072K)
 Metaspace       used 64424K, committed 65024K, reserved 1114112K
  class space    used 8328K, committed 8576K, reserved 1048576K
}
Event: 11.847 GC heap after
{Heap after GC invocations=26 (full 0):
 garbage-first heap   total 78848K, used 24003K [0x00000000c5800000, 0x0000000100000000)
  region size 1024K, 4 young (4096K), 4 survivors (4096K)
 Metaspace       used 64424K, committed 65024K, reserved 1114112K
  class space    used 8328K, committed 8576K, reserved 1048576K
}
Event: 12.641 GC heap before
{Heap before GC invocations=26 (full 0):
 garbage-first heap   total 78848K, used 65987K [0x00000000c5800000, 0x0000000100000000)
  region size 1024K, 46 young (47104K), 4 survivors (4096K)
 Metaspace       used 68250K, committed 68864K, reserved 1114112K
  class space    used 8931K, committed 9216K, reserved 1048576K
}
Event: 12.653 GC heap after
{Heap after GC invocations=27 (full 0):
 garbage-first heap   total 78848K, used 24636K [0x00000000c5800000, 0x0000000100000000)
  region size 1024K, 4 young (4096K), 4 survivors (4096K)
 Metaspace       used 68250K, committed 68864K, reserved 1114112K
  class space    used 8931K, committed 9216K, reserved 1048576K
}
Event: 13.840 GC heap before
{Heap before GC invocations=27 (full 0):
 garbage-first heap   total 78848K, used 67644K [0x00000000c5800000, 0x0000000100000000)
  region size 1024K, 46 young (47104K), 4 survivors (4096K)
 Metaspace       used 72146K, committed 72832K, reserved 1114112K
  class space    used 9431K, committed 9728K, reserved 1048576K
}
Event: 13.855 GC heap after
{Heap after GC invocations=28 (full 0):
 garbage-first heap   total 78848K, used 26430K [0x00000000c5800000, 0x0000000100000000)
  region size 1024K, 5 young (5120K), 5 survivors (5120K)
 Metaspace       used 72146K, committed 72832K, reserved 1114112K
  class space    used 9431K, committed 9728K, reserved 1048576K
}
Event: 14.694 GC heap before
{Heap before GC invocations=28 (full 0):
 garbage-first heap   total 78848K, used 68414K [0x00000000c5800000, 0x0000000100000000)
  region size 1024K, 46 young (47104K), 5 survivors (5120K)
 Metaspace       used 74681K, committed 75392K, reserved 1179648K
  class space    used 9781K, committed 10048K, reserved 1048576K
}
Event: 14.717 GC heap after
{Heap after GC invocations=29 (full 0):
 garbage-first heap   total 78848K, used 29441K [0x00000000c5800000, 0x0000000100000000)
  region size 1024K, 6 young (6144K), 6 survivors (6144K)
 Metaspace       used 74681K, committed 75392K, reserved 1179648K
  class space    used 9781K, committed 10048K, reserved 1048576K
}
Event: 17.303 GC heap before
{Heap before GC invocations=29 (full 0):
 garbage-first heap   total 78848K, used 66305K [0x00000000c5800000, 0x0000000100000000)
  region size 1024K, 43 young (44032K), 6 survivors (6144K)
 Metaspace       used 78304K, committed 79104K, reserved 1179648K
  class space    used 10292K, committed 10624K, reserved 1048576K
}
Event: 17.325 GC heap after
{Heap after GC invocations=30 (full 0):
 garbage-first heap   total 78848K, used 32768K [0x00000000c5800000, 0x0000000100000000)
  region size 1024K, 6 young (6144K), 6 survivors (6144K)
 Metaspace       used 78304K, committed 79104K, reserved 1179648K
  class space    used 10292K, committed 10624K, reserved 1048576K
}

